\BOOKMARK [1][-]{section.1}{1 Executive Summary}{}% 1
\BOOKMARK [2][-]{subsection.1.1}{1.1 Process}{section.1}% 2
\BOOKMARK [2][-]{subsection.1.2}{1.2 Data}{section.1}% 3
\BOOKMARK [2][-]{subsection.1.3}{1.3 Models}{section.1}% 4
\BOOKMARK [2][-]{subsection.1.4}{1.4 Results}{section.1}% 5
\BOOKMARK [1][-]{section.2}{2 Gulf of Maine Atlantic cod }{}% 6
\BOOKMARK [2][-]{subsection.2.1}{2.1 Reviewer Comments: Gulf of Maine Atlantic cod}{section.2}% 7
\BOOKMARK [1][-]{section.3}{3 Georges Bank Atlantic cod }{}% 8
\BOOKMARK [2][-]{subsection.3.1}{3.1 Reviewer Comments: Georges Bank Atlantic cod}{section.3}% 9
\BOOKMARK [2][-]{subsection.3.2}{3.2 Methods for estimating catch as proportion of the most recent 3-year average catch}{section.3}% 10
\BOOKMARK [1][-]{section.4}{4 Georges Bank haddock }{}% 11
\BOOKMARK [2][-]{subsection.4.1}{4.1 Reviewer Comments: Georges Bank haddock}{section.4}% 12
\BOOKMARK [1][-]{section.5}{5 Gulf of Maine haddock }{}% 13
\BOOKMARK [2][-]{subsection.5.1}{5.1 Reviewer Comments: Gulf of Maine haddock}{section.5}% 14
\BOOKMARK [1][-]{section.6}{6 Cape Cod-Gulf of Maine yellowtail flounder}{}% 15
\BOOKMARK [2][-]{subsection.6.1}{6.1 Reviewer Comments: Cape Cod-Gulf of Maine yellowtail flounder}{section.6}% 16
\BOOKMARK [1][-]{section.7}{7 Southern New England-Mid Atlantic yellowtail flounder }{}% 17
\BOOKMARK [2][-]{subsection.7.1}{7.1 Reviewer Comments: Southern New England-Mid Atlantic yellowtail flounder}{section.7}% 18
\BOOKMARK [1][-]{section.8}{8 Georges Bank winter flounder }{}% 19
\BOOKMARK [2][-]{subsection.8.1}{8.1 Reviewer Comments: Georges Bank winter flounder}{section.8}% 20
\BOOKMARK [1][-]{section.9}{9 Southern New England Mid-Atlantic winter flounder }{}% 21
\BOOKMARK [2][-]{subsection.9.1}{9.1 Reviewer Comments: Southern New England Mid-Atlantic winter flounder}{section.9}% 22
\BOOKMARK [1][-]{section.10}{10 Gulf of Maine-Georges Bank American plaice }{}% 23
\BOOKMARK [2][-]{subsection.10.1}{10.1 Reviewer Comments: Gulf of Maine-Georges Bank American plaice}{section.10}% 24
\BOOKMARK [1][-]{section.11}{11 Witch flounder }{}% 25
\BOOKMARK [2][-]{subsection.11.1}{11.1 Reviewer Comments: Witch flounder}{section.11}% 26
\BOOKMARK [1][-]{section.12}{12 Acadian redfish }{}% 27
\BOOKMARK [2][-]{subsection.12.1}{12.1 Reviewer Comments: Acadian redfish}{section.12}% 28
\BOOKMARK [1][-]{section.13}{13 White hake }{}% 29
\BOOKMARK [2][-]{subsection.13.1}{13.1 Reviewer Comments: White hake}{section.13}% 30
\BOOKMARK [1][-]{section.14}{14 Pollock }{}% 31
\BOOKMARK [2][-]{subsection.14.1}{14.1 Reviewer Comments: Pollock}{section.14}% 32
\BOOKMARK [1][-]{section.15}{15 Atlantic wolffish }{}% 33
\BOOKMARK [2][-]{subsection.15.1}{15.1 Reviewer Comments: Atlantic wolffish}{section.15}% 34
\BOOKMARK [1][-]{section.16}{16 Atlantic halibut }{}% 35
\BOOKMARK [2][-]{subsection.16.1}{16.1 Reviewer Comments: Atlantic halibut}{section.16}% 36
\BOOKMARK [1][-]{section.17}{17 Northern windowpane flounder }{}% 37
\BOOKMARK [2][-]{subsection.17.1}{17.1 Reviewer Comments: Northern windowpane flounder}{section.17}% 38
\BOOKMARK [1][-]{section.18}{18 Southern windowpane flounder }{}% 39
\BOOKMARK [2][-]{subsection.18.1}{18.1 Reviewer Comments: Southern windowpane flounder}{section.18}% 40
\BOOKMARK [1][-]{section.19}{19 Ocean pout }{}% 41
\BOOKMARK [2][-]{subsection.19.1}{19.1 Reviewer Comments: Ocean pout}{section.19}% 42
\BOOKMARK [1][-]{section.20}{20 Gulf of Maine winter flounder }{}% 43
\BOOKMARK [2][-]{subsection.20.1}{20.1 Reviewer Comments: Gulf of Maine winter flounder}{section.20}% 44
\BOOKMARK [1][-]{section.21}{21 Georges Bank yellowtail flounder }{}% 45
\BOOKMARK [2][-]{subsection.21.1}{21.1 Reviewer Comments: Georges Bank yellowtail flounder}{section.21}% 46
\BOOKMARK [1][-]{section.22}{22 Appendix}{}% 47
\BOOKMARK [2][-]{subsection.22.1}{22.1 Generic terms of reference for operational assessments}{section.22}% 48
\BOOKMARK [2][-]{subsection.22.2}{22.2 Northeast Regional Coordinating Council letter}{section.22}% 49
\BOOKMARK [2][-]{subsection.22.3}{22.3 Outreach on 2015 groundfish operational assessments}{section.22}% 50
\BOOKMARK [2][-]{subsection.22.4}{22.4 Industry statements}{section.22}% 51
\BOOKMARK [2][-]{subsection.22.5}{22.5 Assessment Oversight Panel summary}{section.22}% 52
\BOOKMARK [2][-]{subsection.22.6}{22.6 On site participants}{section.22}% 53
