This is pdfTeX, Version 3.1415926-1.40.10 (TeX Live 2009/Debian) (format=pdflatex 2013.6.7)  4 DEC 2014 09:35
entering extended mode
 %&-line parsing enabled.
**example_figs.tex
(./example_figs.tex
LaTeX2e <2009/09/24>
Babel <v3.8l> and hyphenation patterns for english, usenglishmax, dumylang, noh
yphenation, loaded.
(/usr/share/texmf-texlive/tex/latex/base/report.cls
Document Class: report 2007/10/19 v1.4h Standard LaTeX document class
(/usr/share/texmf-texlive/tex/latex/base/size10.clo
File: size10.clo 2007/10/19 v1.4h Standard LaTeX file (size option)
)
\c@part=\count79
\c@chapter=\count80
\c@section=\count81
\c@subsection=\count82
\c@subsubsection=\count83
\c@paragraph=\count84
\c@subparagraph=\count85
\c@figure=\count86
\c@table=\count87
\abovecaptionskip=\skip41
\belowcaptionskip=\skip42
\bibindent=\dimen102
)
(/usr/share/texmf-texlive/tex/latex/oberdiek/pdflscape.sty
Package: pdflscape 2008/08/11 v0.10 Landscape pages in PDF (HO)

(/usr/share/texmf-texlive/tex/latex/graphics/lscape.sty
Package: lscape 2000/10/22 v3.01 Landscape Pages (DPC)

(/usr/share/texmf-texlive/tex/latex/graphics/graphics.sty
Package: graphics 2009/02/05 v1.0o Standard LaTeX Graphics (DPC,SPQR)

(/usr/share/texmf-texlive/tex/latex/graphics/trig.sty
Package: trig 1999/03/16 v1.09 sin cos tan (DPC)
)
(/etc/texmf/tex/latex/config/graphics.cfg
File: graphics.cfg 2009/08/28 v1.8 graphics configuration of TeX Live
)
Package graphics Info: Driver file: pdftex.def on input line 91.

(/usr/share/texmf-texlive/tex/latex/pdftex-def/pdftex.def
File: pdftex.def 2010/03/12 v0.04p Graphics/color for pdfTeX
\Gread@gobject=\count88
)))
(/usr/share/texmf-texlive/tex/generic/oberdiek/ifpdf.sty
Package: ifpdf 2009/04/10 v2.0 Provides the ifpdf switch (HO)
Package ifpdf Info: pdfTeX in pdf mode detected.
)
Package pdflscape Info: Auto-detected driver: pdftex on input line 75.

(/usr/share/texmf-texlive/tex/generic/ifxetex/ifxetex.sty
Package: ifxetex 2009/01/23 v0.5 Provides ifxetex conditional
))
(/usr/share/texmf-texlive/tex/latex/graphics/graphicx.sty
Package: graphicx 1999/02/16 v1.0f Enhanced LaTeX Graphics (DPC,SPQR)

(/usr/share/texmf-texlive/tex/latex/graphics/keyval.sty
Package: keyval 1999/03/16 v1.13 key=value parser (DPC)
\KV@toks@=\toks14
)
\Gin@req@height=\dimen103
\Gin@req@width=\dimen104
)
(/usr/share/texmf/tex/latex/pgf/utilities/pgfpages.sty
Package: pgfpages 2004/11/05 ver 0.01

(/usr/share/texmf/tex/latex/pgf/basiclayer/pgfcore.sty
(/usr/share/texmf/tex/latex/pgf/systemlayer/pgfsys.sty
(/usr/share/texmf/tex/latex/pgf/utilities/pgfrcs.sty
(/usr/share/texmf/tex/generic/pgf/utilities/pgfutil-common.tex
\pgfutil@everybye=\toks15
)
(/usr/share/texmf/tex/generic/pgf/utilities/pgfutil-latex.def
\pgfutil@abb=\box26

(/usr/share/texmf-texlive/tex/latex/ms/everyshi.sty
Package: everyshi 2001/05/15 v3.00 EveryShipout Package (MS)
))
(/usr/share/texmf/tex/generic/pgf/utilities/pgfrcs.code.tex
Package: pgfrcs 2010/10/25 v2.10 (rcs-revision 1.24)
))
(/usr/share/texmf/tex/generic/pgf/systemlayer/pgfsys.code.tex
Package: pgfsys 2010/06/30 v2.10 (rcs-revision 1.37)

(/usr/share/texmf/tex/generic/pgf/utilities/pgfkeys.code.tex
\pgfkeys@pathtoks=\toks16
\pgfkeys@temptoks=\toks17

(/usr/share/texmf/tex/generic/pgf/utilities/pgfkeysfiltered.code.tex
\pgfkeys@tmptoks=\toks18
))
\pgf@x=\dimen105
\pgf@y=\dimen106
\pgf@xa=\dimen107
\pgf@ya=\dimen108
\pgf@xb=\dimen109
\pgf@yb=\dimen110
\pgf@xc=\dimen111
\pgf@yc=\dimen112
\w@pgf@writea=\write3
\r@pgf@reada=\read1
\c@pgf@counta=\count89
\c@pgf@countb=\count90
\c@pgf@countc=\count91
\c@pgf@countd=\count92

(/usr/share/texmf/tex/generic/pgf/systemlayer/pgf.cfg
File: pgf.cfg 2008/05/14  (rcs-revision 1.7)
)
Package pgfsys Info: Driver file for pgf: pgfsys-pdftex.def on input line 900.

(/usr/share/texmf/tex/generic/pgf/systemlayer/pgfsys-pdftex.def
File: pgfsys-pdftex.def 2009/05/22  (rcs-revision 1.26)

(/usr/share/texmf/tex/generic/pgf/systemlayer/pgfsys-common-pdf.def
File: pgfsys-common-pdf.def 2008/05/19  (rcs-revision 1.10)
)))
(/usr/share/texmf/tex/generic/pgf/systemlayer/pgfsyssoftpath.code.tex
File: pgfsyssoftpath.code.tex 2008/07/18  (rcs-revision 1.7)
\pgfsyssoftpath@smallbuffer@items=\count93
\pgfsyssoftpath@bigbuffer@items=\count94
)
(/usr/share/texmf/tex/generic/pgf/systemlayer/pgfsysprotocol.code.tex
File: pgfsysprotocol.code.tex 2006/10/16  (rcs-revision 1.4)
))
(/usr/share/texmf/tex/latex/xcolor/xcolor.sty
Package: xcolor 2007/01/21 v2.11 LaTeX color extensions (UK)

(/etc/texmf/tex/latex/config/color.cfg
File: color.cfg 2007/01/18 v1.5 color configuration of teTeX/TeXLive
)
Package xcolor Info: Driver file: pdftex.def on input line 225.
Package xcolor Info: Model `cmy' substituted by `cmy0' on input line 1337.
Package xcolor Info: Model `hsb' substituted by `rgb' on input line 1341.
Package xcolor Info: Model `RGB' extended on input line 1353.
Package xcolor Info: Model `HTML' substituted by `rgb' on input line 1355.
Package xcolor Info: Model `Hsb' substituted by `hsb' on input line 1356.
Package xcolor Info: Model `tHsb' substituted by `hsb' on input line 1357.
Package xcolor Info: Model `HSB' substituted by `hsb' on input line 1358.
Package xcolor Info: Model `Gray' substituted by `gray' on input line 1359.
Package xcolor Info: Model `wave' substituted by `hsb' on input line 1360.
)
(/usr/share/texmf/tex/generic/pgf/basiclayer/pgfcore.code.tex
Package: pgfcore 2010/04/11 v2.10 (rcs-revision 1.7)

(/usr/share/texmf/tex/generic/pgf/math/pgfmath.code.tex
(/usr/share/texmf/tex/generic/pgf/math/pgfmathcalc.code.tex
(/usr/share/texmf/tex/generic/pgf/math/pgfmathutil.code.tex)
(/usr/share/texmf/tex/generic/pgf/math/pgfmathparser.code.tex
\pgfmath@dimen=\dimen113
\pgfmath@count=\count95
\pgfmath@box=\box27
\pgfmath@toks=\toks19
\pgfmath@stack@operand=\toks20
\pgfmath@stack@operation=\toks21
)
(/usr/share/texmf/tex/generic/pgf/math/pgfmathfunctions.code.tex
(/usr/share/texmf/tex/generic/pgf/math/pgfmathfunctions.basic.code.tex)
(/usr/share/texmf/tex/generic/pgf/math/pgfmathfunctions.trigonometric.code.tex)
(/usr/share/texmf/tex/generic/pgf/math/pgfmathfunctions.random.code.tex)
(/usr/share/texmf/tex/generic/pgf/math/pgfmathfunctions.comparison.code.tex)
(/usr/share/texmf/tex/generic/pgf/math/pgfmathfunctions.base.code.tex)
(/usr/share/texmf/tex/generic/pgf/math/pgfmathfunctions.round.code.tex)
(/usr/share/texmf/tex/generic/pgf/math/pgfmathfunctions.misc.code.tex)))
(/usr/share/texmf/tex/generic/pgf/math/pgfmathfloat.code.tex
\c@pgfmathroundto@lastzeros=\count96
))
(/usr/share/texmf/tex/generic/pgf/basiclayer/pgfcorepoints.code.tex
File: pgfcorepoints.code.tex 2010/04/09  (rcs-revision 1.20)
\pgf@picminx=\dimen114
\pgf@picmaxx=\dimen115
\pgf@picminy=\dimen116
\pgf@picmaxy=\dimen117
\pgf@pathminx=\dimen118
\pgf@pathmaxx=\dimen119
\pgf@pathminy=\dimen120
\pgf@pathmaxy=\dimen121
\pgf@xx=\dimen122
\pgf@xy=\dimen123
\pgf@yx=\dimen124
\pgf@yy=\dimen125
\pgf@zx=\dimen126
\pgf@zy=\dimen127
)
(/usr/share/texmf/tex/generic/pgf/basiclayer/pgfcorepathconstruct.code.tex
File: pgfcorepathconstruct.code.tex 2010/08/03  (rcs-revision 1.24)
\pgf@path@lastx=\dimen128
\pgf@path@lasty=\dimen129
)
(/usr/share/texmf/tex/generic/pgf/basiclayer/pgfcorepathusage.code.tex
File: pgfcorepathusage.code.tex 2008/04/22  (rcs-revision 1.12)
\pgf@shorten@end@additional=\dimen130
\pgf@shorten@start@additional=\dimen131
)
(/usr/share/texmf/tex/generic/pgf/basiclayer/pgfcorescopes.code.tex
File: pgfcorescopes.code.tex 2010/09/08  (rcs-revision 1.34)
\pgfpic=\box28
\pgf@hbox=\box29
\pgf@layerbox@main=\box30
\pgf@picture@serial@count=\count97
)
(/usr/share/texmf/tex/generic/pgf/basiclayer/pgfcoregraphicstate.code.tex
File: pgfcoregraphicstate.code.tex 2008/04/22  (rcs-revision 1.9)
\pgflinewidth=\dimen132
)
(/usr/share/texmf/tex/generic/pgf/basiclayer/pgfcoretransformations.code.tex
File: pgfcoretransformations.code.tex 2009/06/10  (rcs-revision 1.11)
\pgf@pt@x=\dimen133
\pgf@pt@y=\dimen134
\pgf@pt@temp=\dimen135
)
(/usr/share/texmf/tex/generic/pgf/basiclayer/pgfcorequick.code.tex
File: pgfcorequick.code.tex 2008/10/09  (rcs-revision 1.3)
)
(/usr/share/texmf/tex/generic/pgf/basiclayer/pgfcoreobjects.code.tex
File: pgfcoreobjects.code.tex 2006/10/11  (rcs-revision 1.2)
)
(/usr/share/texmf/tex/generic/pgf/basiclayer/pgfcorepathprocessing.code.tex
File: pgfcorepathprocessing.code.tex 2008/10/09  (rcs-revision 1.8)
)
(/usr/share/texmf/tex/generic/pgf/basiclayer/pgfcorearrows.code.tex
File: pgfcorearrows.code.tex 2008/04/23  (rcs-revision 1.11)
)
(/usr/share/texmf/tex/generic/pgf/basiclayer/pgfcoreshade.code.tex
File: pgfcoreshade.code.tex 2008/11/23  (rcs-revision 1.13)
\pgf@max=\dimen136
\pgf@sys@shading@range@num=\count98
)
(/usr/share/texmf/tex/generic/pgf/basiclayer/pgfcoreimage.code.tex
File: pgfcoreimage.code.tex 2010/03/25  (rcs-revision 1.16)

(/usr/share/texmf/tex/generic/pgf/basiclayer/pgfcoreexternal.code.tex
File: pgfcoreexternal.code.tex 2010/09/01  (rcs-revision 1.17)
\pgfexternal@startupbox=\box31
))
(/usr/share/texmf/tex/generic/pgf/basiclayer/pgfcorelayers.code.tex
File: pgfcorelayers.code.tex 2010/08/27  (rcs-revision 1.2)
)
(/usr/share/texmf/tex/generic/pgf/basiclayer/pgfcoretransparency.code.tex
File: pgfcoretransparency.code.tex 2008/01/17  (rcs-revision 1.2)
)
(/usr/share/texmf/tex/generic/pgf/basiclayer/pgfcorepatterns.code.tex
File: pgfcorepatterns.code.tex 2009/07/02  (rcs-revision 1.3)
)))
(/usr/share/texmf-texlive/tex/latex/tools/calc.sty
Package: calc 2007/08/22 v4.3 Infix arithmetic (KKT,FJ)
\calc@Acount=\count99
\calc@Bcount=\count100
\calc@Adimen=\dimen137
\calc@Bdimen=\dimen138
\calc@Askip=\skip43
\calc@Bskip=\skip44
LaTeX Info: Redefining \setlength on input line 76.
LaTeX Info: Redefining \addtolength on input line 77.
\calc@Ccount=\count101
\calc@Cskip=\skip45
)
\pgf@logicalpages=\count102
\pgf@firstshipout=\count103
\pgf@lastshipout=\count104
\pgf@currentshipout=\count105
\pgf@cpn=\count106
\pgf@shipoutnextto=\count107
\pgfphysicalheight=\dimen139
\pgfphysicalwidth=\dimen140
\pgfpages@shipoutbox=\box32
)
(/usr/share/texmf-texlive/tex/latex/pdfpages/pdfpages.sty
Package: pdfpages 2009/02/07 v0.4g Insert pages of external PDF documents (AM)

(/usr/share/texmf-texlive/tex/latex/base/ifthen.sty
Package: ifthen 2001/05/26 v1.1c Standard LaTeX ifthen package (DPC)
)
(/usr/share/texmf-texlive/tex/latex/eso-pic/eso-pic.sty
Package: eso-pic 2006/07/14 v1.1d eso-pic (RN)
)
(/usr/share/texmf-texlive/tex/latex/pdfpages/pppdftex.def
File: pppdftex.def 2009/02/07 v0.4g Pdfpages driver for pdfTeX (AM)
)
\AM@pagebox=\box33
\AM@toc@title=\toks22
\c@AM@survey=\count108
\AM@templatesizebox=\box34
) (./example_figs.aux)
\openout1 = `example_figs.aux'.

LaTeX Font Info:    Checking defaults for OML/cmm/m/it on input line 36.
LaTeX Font Info:    ... okay on input line 36.
LaTeX Font Info:    Checking defaults for T1/cmr/m/n on input line 36.
LaTeX Font Info:    ... okay on input line 36.
LaTeX Font Info:    Checking defaults for OT1/cmr/m/n on input line 36.
LaTeX Font Info:    ... okay on input line 36.
LaTeX Font Info:    Checking defaults for OMS/cmsy/m/n on input line 36.
LaTeX Font Info:    ... okay on input line 36.
LaTeX Font Info:    Checking defaults for OMX/cmex/m/n on input line 36.
LaTeX Font Info:    ... okay on input line 36.
LaTeX Font Info:    Checking defaults for U/cmr/m/n on input line 36.
LaTeX Font Info:    ... okay on input line 36.
 (/usr/share/texmf-texlive/tex/context/base/supp-pdf.mkii
[Loading MPS to PDF converter (version 2006.09.02).]
\scratchcounter=\count109
\scratchdimen=\dimen141
\scratchbox=\box35
\nofMPsegments=\count110
\nofMParguments=\count111
\everyMPshowfont=\toks23
\MPscratchCnt=\count112
\MPscratchDim=\dimen142
\MPnumerator=\count113
\everyMPtoPDFconversion=\toks24
) ABD: EveryShipout initializing macros
<../example_figs/GOMH_landings.pdf, id=4, 521.95pt x 477.785pt>
File: ../example_figs/GOMH_landings.pdf Graphic file (type pdf)

<use ../example_figs/GOMH_landings.pdf>
LaTeX Font Info:    External font `cmex10' loaded for size
(Font)              <7> on input line 55.
LaTeX Font Info:    External font `cmex10' loaded for size
(Font)              <5> on input line 55.

<../example_figs/GBYTF_landings.pdf, id=5, 521.95pt x 477.785pt>
File: ../example_figs/GBYTF_landings.pdf Graphic file (type pdf)

<use ../example_figs/GBYTF_landings.pdf>
<../example_figs/SF_landings.pdf, id=6, 521.95pt x 437.635pt>
File: ../example_figs/SF_landings.pdf Graphic file (type pdf)

<use ../example_figs/SF_landings.pdf>
Overfull \hbox (103.49579pt too wide) in paragraph at lines 52--64
[]$[]$$[]$
 []

[1

{/var/lib/texmf/fonts/map/pdftex/updmap/pdftex.map} <../example_figs/GOMH_landi
ngs.pdf> <../example_figs/GBYTF_landings.pdf> <../example_figs/SF_landings.pdf>
] <../example_figs/GOMH_LAA.pdf, id=74, 521.95pt x 636.3775pt>
File: ../example_figs/GOMH_LAA.pdf Graphic file (type pdf)

<use ../example_figs/GOMH_LAA.pdf>
<../example_figs/GBYTF_LAA.pdf, id=75, 521.95pt x 715.67375pt>
File: ../example_figs/GBYTF_LAA.pdf Graphic file (type pdf)

<use ../example_figs/GBYTF_LAA.pdf>
<../example_figs/SF_LAA.pdf, id=76, 521.95pt x 532.99126pt>
File: ../example_figs/SF_LAA.pdf Graphic file (type pdf)

<use ../example_figs/SF_LAA.pdf>
Overfull \hbox (69.00421pt too wide) in paragraph at lines 71--83
[]$[]$$[]$
 []

[2

 <../example_figs/GOMH_LAA.pdf> <../example_figs/GBYTF_LAA.pdf> <../example_fig
s/SF_LAA.pdf>] <../example_figs/GOMH_LF.pdf, id=113, 521.95pt x 636.3775pt>
File: ../example_figs/GOMH_LF.pdf Graphic file (type pdf)

<use ../example_figs/GOMH_LF.pdf>
<../example_figs/OQ_LF.pdf, id=114, 521.95pt x 739.76375pt>
File: ../example_figs/OQ_LF.pdf Graphic file (type pdf)

<use ../example_figs/OQ_LF.pdf>
<../example_figs/GBYTF_LF.pdf, id=115, 675.52374pt x 552.0625pt>
File: ../example_figs/GBYTF_LF.pdf Graphic file (type pdf)

<use ../example_figs/GBYTF_LF.pdf>
<../example_figs/SC_LF.pdf, id=116, 553.06625pt x 437.635pt>
File: ../example_figs/SC_LF.pdf Graphic file (type pdf)

<use ../example_figs/SC_LF.pdf> [3

 <../example_figs/GOMH_LF.pdf> <../example_figs/OQ_LF.pdf> <../example_figs/GBY
TF_LF.pdf, page is rotated 90 degrees> <../example_figs/SC_LF.pdf>]
<../example_figs/GOMH_WeightAge.pdf, id=181, 521.95pt x 516.93124pt>
File: ../example_figs/GOMH_WeightAge.pdf Graphic file (type pdf)

<use ../example_figs/GOMH_WeightAge.pdf>
<../example_figs/GBYTF_WeightAge.pdf, id=182, 521.95pt x 476.78125pt>
File: ../example_figs/GBYTF_WeightAge.pdf Graphic file (type pdf)

<use ../example_figs/GBYTF_WeightAge.pdf>
Overfull \hbox (69.00421pt too wide) in paragraph at lines 109--117
[]$[]$$[]$ 
 []

[4

 <../example_figs/GOMH_WeightAge.pdf> <../example_figs/GBYTF_WeightAge.pdf>]
<../example_figs/GOMH_Index.pdf, id=228, 521.95pt x 636.3775pt>
File: ../example_figs/GOMH_Index.pdf Graphic file (type pdf)

<use ../example_figs/GOMH_Index.pdf>
<../example_figs/GBYTF_Index.pdf, id=229, 521.95pt x 676.5275pt>
File: ../example_figs/GBYTF_Index.pdf Graphic file (type pdf)

<use ../example_figs/GBYTF_Index.pdf>
<../example_figs/SF_Index.pdf, id=230, 521.95pt x 516.93124pt>
File: ../example_figs/SF_Index.pdf Graphic file (type pdf)

<use ../example_figs/SF_Index.pdf>
Overfull \hbox (69.00421pt too wide) in paragraph at lines 126--138
[]$[]$$[]$
 []

[5

 <../example_figs/GOMH_Index.pdf> <../example_figs/GBYTF_Index.pdf> <../example
_figs/SF_Index.pdf>]
<../example_figs/SC_Map1.pdf, id=305, 521.95pt x 516.93124pt>
File: ../example_figs/SC_Map1.pdf Graphic file (type pdf)

<use ../example_figs/SC_Map1.pdf>
<../example_figs/GBYTF_Map2.png, id=306, 614.295pt x 794.97pt>
File: ../example_figs/GBYTF_Map2.png Graphic file (type png)

<use ../example_figs/GBYTF_Map2.png>
<../example_figs/SS_Map1.pdf, id=307, 715.67375pt x 552.0625pt>
File: ../example_figs/SS_Map1.pdf Graphic file (type pdf)

<use ../example_figs/SS_Map1.pdf>
<../example_figs/SS_Map2.pdf, id=308, 553.06625pt x 676.5275pt>
File: ../example_figs/SS_Map2.pdf Graphic file (type pdf)

<use ../example_figs/SS_Map2.pdf> [6

 <../example_figs/SC_Map1.pdf> <../example_figs/GBYTF_Map2.png (PNG copy)> <../
example_figs/SS_Map1.pdf, page is rotated 90 degrees> <../example_figs/SS_Map2.
pdf>]
LaTeX Font Info:    External font `cmex10' loaded for size
(Font)              <24.88> on input line 159.
LaTeX Font Info:    External font `cmex10' loaded for size
(Font)              <20.74> on input line 159.
LaTeX Font Info:    External font `cmex10' loaded for size
(Font)              <17.28> on input line 159.

<../example_figs/SC_Map2.pdf, id=362, 635.37375pt x 490.83376pt>
File: ../example_figs/SC_Map2.pdf Graphic file (type pdf)

<use ../example_figs/SC_Map2.pdf>
<../example_figs/GBYTF_Map1.pdf, id=363, 715.67375pt x 521.95pt>
File: ../example_figs/GBYTF_Map1.pdf Graphic file (type pdf)

<use ../example_figs/GBYTF_Map1.pdf>
<../example_figs/GOMCOD_map1.pdf, id=364, 675.52374pt x 491.8375pt>
File: ../example_figs/GOMCOD_map1.pdf Graphic file (type pdf)

<use ../example_figs/GOMCOD_map1.pdf>
<../example_figs/SF_Map1.pdf, id=365, 521.95pt x 715.67375pt>
File: ../example_figs/SF_Map1.pdf Graphic file (type pdf)

<use ../example_figs/SF_Map1.pdf> [7

 <../example_figs/SC_Map2.pdf, page is rotated 90 degrees> <../example_figs/GBY
TF_Map1.pdf, page is rotated 90 degrees> <../example_figs/GOMCOD_map1.pdf, page
 is rotated 90 degrees> <../example_figs/SF_Map1.pdf>] (./example_figs.aux) ) 
Here is how much of TeX's memory you used:
 7953 strings out of 495061
 147025 string characters out of 1182622
 185089 words of memory out of 3000000
 10977 multiletter control sequences out of 15000+50000
 6382 words of font info for 23 fonts, out of 3000000 for 9000
 28 hyphenation exceptions out of 8191
 49i,9n,53p,422b,289s stack positions out of 5000i,500n,10000p,200000b,50000s
</
usr/share/texmf-texlive/fonts/type1/public/amsfonts/cm/cmmi10.pfb></usr/share/t
exmf-texlive/fonts/type1/public/amsfonts/cm/cmmi12.pfb></usr/share/texmf-texliv
e/fonts/type1/public/amsfonts/cm/cmr10.pfb></usr/share/texmf-texlive/fonts/type
1/public/amsfonts/cm/cmr17.pfb>
Output written on example_figs.pdf (7 pages, 6093536 bytes).
PDF statistics:
 5378 PDF objects out of 6186 (max. 8388607)
 0 named destinations out of 1000 (max. 500000)
 128 words of extra memory for PDF output out of 10000 (max. 10000000)

